android/app/build/intermediates/manifest_merge_blame_file/debug/manifest-merger-blame-debug-report.txt
1<?xml version="1.0" encoding="utf-8"?>
2<manifest xmlns:android="http://schemas.android.com/apk/res/android"
3    package="com.example.niimbus"
4    android:versionCode="1"
5    android:versionName="1.0.0" >
6
7    <uses-sdk
8        android:minSdkVersion="21"
9        android:targetSdkVersion="34" />
10    <!--
11         The INTERNET permission is required for development. Specifically,
12         the Flutter tool needs it to communicate with the running application
13         to allow setting breakpoints, to provide hot reload, etc.
14    -->
15    <uses-permission android:name="android.permission.INTERNET" />
15-->src\debug\AndroidManifest.xml:6:5-66
15-->src\debug\AndroidManifest.xml:6:22-64
16
17    <queries>
17-->src\main\AndroidManifest.xml:30:5-35:15
18        <intent>
18-->src\main\AndroidManifest.xml:31:9-34:18
19            <action android:name="android.intent.action.PROCESS_TEXT" />
19-->src\main\AndroidManifest.xml:32:13-72
19-->src\main\AndroidManifest.xml:32:21-70
20
21            <data android:mimeType="text/plain" />
21-->src\main\AndroidManifest.xml:33:13-50
21-->src\main\AndroidManifest.xml:33:19-48
22        </intent>
23    </queries>
24
25    <uses-permission android:name="android.permission.ACCESS_NETWORK_STATE" />
25-->[:firebase_analytics] AndroidManifest.xml:9:5-79
25-->[:firebase_analytics] AndroidManifest.xml:9:22-76
26    <uses-permission android:name="android.permission.WAKE_LOCK" />
26-->[:firebase_analytics] AndroidManifest.xml:11:5-68
26-->[:firebase_analytics] AndroidManifest.xml:11:22-65
27    <uses-permission android:name="android.permission.FOREGROUND_SERVICE" />
27-->[:geolocator_android] AndroidManifest.xml:9:5-77
27-->[:geolocator_android] AndroidManifest.xml:9:22-74
28    <uses-permission android:name="android.permission.ACCESS_COARSE_LOCATION" />
28-->[:navigation_with_mapbox] AndroidManifest.xml:9:5-81
28-->[:navigation_with_mapbox] AndroidManifest.xml:9:22-78
29    <uses-permission android:name="android.permission.ACCESS_FINE_LOCATION" />
29-->[:navigation_with_mapbox] AndroidManifest.xml:10:5-79
29-->[:navigation_with_mapbox] AndroidManifest.xml:10:22-76
30    <uses-permission android:name="android.permission.POST_NOTIFICATIONS" />
30-->[com.mapbox.navigation:core:2.10.1] AndroidManifest.xml:13:5-77
30-->[com.mapbox.navigation:core:2.10.1] AndroidManifest.xml:13:22-74
31    <uses-permission android:name="com.google.android.gms.permission.AD_ID" />
31-->[com.google.android.gms:play-services-measurement-api:21.6.1] AndroidManifest.xml:25:5-79
31-->[com.google.android.gms:play-services-measurement-api:21.6.1] AndroidManifest.xml:25:22-76
32    <uses-permission android:name="android.permission.ACCESS_ADSERVICES_ATTRIBUTION" />
32-->[com.google.android.gms:play-services-measurement-api:21.6.1] AndroidManifest.xml:26:5-88
32-->[com.google.android.gms:play-services-measurement-api:21.6.1] AndroidManifest.xml:26:22-85
33    <uses-permission android:name="android.permission.ACCESS_ADSERVICES_AD_ID" />
33-->[com.google.android.gms:play-services-measurement-api:21.6.1] AndroidManifest.xml:27:5-82
33-->[com.google.android.gms:play-services-measurement-api:21.6.1] AndroidManifest.xml:27:22-79
34    <uses-permission android:name="android.permission.CHANGE_NETWORK_STATE" />
34-->[com.mapbox.navigator:mapbox-navigation-native:123.3.1] AndroidManifest.xml:10:5-79
34-->[com.mapbox.navigator:mapbox-navigation-native:123.3.1] AndroidManifest.xml:10:22-76
35    <uses-permission android:name="com.google.android.providers.gsf.permission.READ_GSERVICES" />
35-->[com.google.android.recaptcha:recaptcha:18.4.0] AndroidManifest.xml:9:5-98
35-->[com.google.android.recaptcha:recaptcha:18.4.0] AndroidManifest.xml:9:22-95
36
37    <uses-feature
37-->[com.mapbox.mapboxsdk:mapbox-android-sdk:9.6.2] AndroidManifest.xml:9:5-11:35
38        android:glEsVersion="0x00020000"
38-->[com.mapbox.mapboxsdk:mapbox-android-sdk:9.6.2] AndroidManifest.xml:10:9-41
39        android:required="true" />
39-->[com.mapbox.mapboxsdk:mapbox-android-sdk:9.6.2] AndroidManifest.xml:11:9-32
40    <uses-feature
40-->[com.mapbox.mapboxsdk:mapbox-android-sdk:9.6.2] AndroidManifest.xml:12:5-14:36
41        android:name="android.hardware.wifi"
41-->[com.mapbox.mapboxsdk:mapbox-android-sdk:9.6.2] AndroidManifest.xml:13:9-45
42        android:required="false" />
42-->[com.mapbox.mapboxsdk:mapbox-android-sdk:9.6.2] AndroidManifest.xml:14:9-33
43
44    <uses-permission android:name="android.permission.ACCESS_WIFI_STATE" />
44-->[com.mapbox.mapboxsdk:mapbox-android-sdk:9.6.2] AndroidManifest.xml:18:5-76
44-->[com.mapbox.mapboxsdk:mapbox-android-sdk:9.6.2] AndroidManifest.xml:18:22-73
45    <uses-permission android:name="com.google.android.finsky.permission.BIND_GET_INSTALL_REFERRER_SERVICE" />
45-->[com.google.android.gms:play-services-measurement:21.6.1] AndroidManifest.xml:26:5-110
45-->[com.google.android.gms:play-services-measurement:21.6.1] AndroidManifest.xml:26:22-107
46    <uses-permission
46-->[com.mapbox.mapboxsdk:mapbox-android-telemetry-okhttp3:8.1.0] AndroidManifest.xml:16:5-18:38
47        android:name="android.permission.GET_TASKS"
47-->[com.mapbox.mapboxsdk:mapbox-android-telemetry-okhttp3:8.1.0] AndroidManifest.xml:17:9-52
48        android:maxSdkVersion="20" />
48-->[com.mapbox.mapboxsdk:mapbox-android-telemetry-okhttp3:8.1.0] AndroidManifest.xml:18:9-35
49    <uses-permission android:name="android.permission.RECEIVE_BOOT_COMPLETED" />
49-->[androidx.work:work-runtime:2.7.1] AndroidManifest.xml:27:5-81
49-->[androidx.work:work-runtime:2.7.1] AndroidManifest.xml:27:22-78
50
51    <permission
51-->[androidx.core:core:1.9.0] AndroidManifest.xml:22:5-24:47
52        android:name="com.example.niimbus.DYNAMIC_RECEIVER_NOT_EXPORTED_PERMISSION"
52-->[androidx.core:core:1.9.0] AndroidManifest.xml:23:9-81
53        android:protectionLevel="signature" />
53-->[androidx.core:core:1.9.0] AndroidManifest.xml:24:9-44
54
55    <uses-permission android:name="com.example.niimbus.DYNAMIC_RECEIVER_NOT_EXPORTED_PERMISSION" />
55-->[androidx.core:core:1.9.0] AndroidManifest.xml:26:5-97
55-->[androidx.core:core:1.9.0] AndroidManifest.xml:26:22-94
56
57    <application
58        android:name="android.app.Application"
59        android:appComponentFactory="androidx.core.app.CoreComponentFactory"
59-->[androidx.core:core:1.9.0] AndroidManifest.xml:28:18-86
60        android:debuggable="true"
61        android:icon="@mipmap/ic_launcher"
62        android:label="niimbus" >
63        <meta-data
64            android:name="com.mapbox.token"
65            android:value="pk.eyJ1Ijoia2FtZXMxIiwiYSI6ImNseWFhenF4ODA2NGIya3NiYXF6ZmZ6eTYifQ.g4c5FvhPiNkpOlLnVJP-2Q" />
66
67        <activity
68            android:name="com.example.niimbus.MainActivity"
69            android:configChanges="orientation|keyboardHidden|keyboard|screenSize|smallestScreenSize|locale|layoutDirection|fontScale|screenLayout|density|uiMode"
70            android:exported="true"
71            android:hardwareAccelerated="true"
72            android:launchMode="singleTop"
73            android:taskAffinity=""
74            android:theme="@style/LaunchTheme"
75            android:windowSoftInputMode="adjustResize" >
76            <meta-data
77                android:name="io.flutter.embedding.android.NormalTheme"
78                android:resource="@style/NormalTheme" />
79
80            <intent-filter>
81                <action android:name="android.intent.action.MAIN" />
82
83                <category android:name="android.intent.category.LAUNCHER" />
84            </intent-filter>
85        </activity>
86
87        <meta-data
88            android:name="flutterEmbedding"
89            android:value="2" />
90
91        <service
91-->[:firebase_analytics] AndroidManifest.xml:14:9-18:19
92            android:name="com.google.firebase.components.ComponentDiscoveryService"
92-->[:firebase_analytics] AndroidManifest.xml:14:18-89
93            android:directBootAware="true"
93-->[com.google.firebase:firebase-common:20.4.3] AndroidManifest.xml:32:13-43
94            android:exported="false" >
94-->[com.google.firebase:firebase-auth:22.3.1] AndroidManifest.xml:68:13-37
95            <meta-data
95-->[:firebase_analytics] AndroidManifest.xml:15:13-17:85
96                android:name="com.google.firebase.components:io.flutter.plugins.firebase.analytics.FlutterFirebaseAppRegistrar"
96-->[:firebase_analytics] AndroidManifest.xml:16:17-128
97                android:value="com.google.firebase.components.ComponentRegistrar" />
97-->[:firebase_analytics] AndroidManifest.xml:17:17-82
98            <meta-data
98-->[:firebase_auth] AndroidManifest.xml:11:13-13:85
99                android:name="com.google.firebase.components:io.flutter.plugins.firebase.auth.FlutterFirebaseAuthRegistrar"
99-->[:firebase_auth] AndroidManifest.xml:12:17-124
100                android:value="com.google.firebase.components.ComponentRegistrar" />
100-->[:firebase_auth] AndroidManifest.xml:13:17-82
101            <meta-data
101-->[:firebase_core] AndroidManifest.xml:11:13-13:85
102                android:name="com.google.firebase.components:io.flutter.plugins.firebase.core.FlutterFirebaseCoreRegistrar"
102-->[:firebase_core] AndroidManifest.xml:12:17-124
103                android:value="com.google.firebase.components.ComponentRegistrar" />
103-->[:firebase_core] AndroidManifest.xml:13:17-82
104            <meta-data
104-->[com.google.firebase:firebase-auth:22.3.1] AndroidManifest.xml:69:13-71:85
105                android:name="com.google.firebase.components:com.google.firebase.auth.FirebaseAuthRegistrar"
105-->[com.google.firebase:firebase-auth:22.3.1] AndroidManifest.xml:70:17-109
106                android:value="com.google.firebase.components.ComponentRegistrar" />
106-->[com.google.firebase:firebase-auth:22.3.1] AndroidManifest.xml:71:17-82
107            <meta-data
107-->[com.google.android.gms:play-services-measurement-api:21.6.1] AndroidManifest.xml:37:13-39:85
108                android:name="com.google.firebase.components:com.google.firebase.analytics.connector.internal.AnalyticsConnectorRegistrar"
108-->[com.google.android.gms:play-services-measurement-api:21.6.1] AndroidManifest.xml:38:17-139
109                android:value="com.google.firebase.components.ComponentRegistrar" />
109-->[com.google.android.gms:play-services-measurement-api:21.6.1] AndroidManifest.xml:39:17-82
110            <meta-data
110-->[com.google.firebase:firebase-installations:17.2.0] AndroidManifest.xml:15:13-17:85
111                android:name="com.google.firebase.components:com.google.firebase.installations.FirebaseInstallationsKtxRegistrar"
111-->[com.google.firebase:firebase-installations:17.2.0] AndroidManifest.xml:16:17-130
112                android:value="com.google.firebase.components.ComponentRegistrar" />
112-->[com.google.firebase:firebase-installations:17.2.0] AndroidManifest.xml:17:17-82
113            <meta-data
113-->[com.google.firebase:firebase-installations:17.2.0] AndroidManifest.xml:18:13-20:85
114                android:name="com.google.firebase.components:com.google.firebase.installations.FirebaseInstallationsRegistrar"
114-->[com.google.firebase:firebase-installations:17.2.0] AndroidManifest.xml:19:17-127
115                android:value="com.google.firebase.components.ComponentRegistrar" />
115-->[com.google.firebase:firebase-installations:17.2.0] AndroidManifest.xml:20:17-82
116            <meta-data
116-->[com.google.firebase:firebase-common-ktx:20.4.3] AndroidManifest.xml:12:13-14:85
117                android:name="com.google.firebase.components:com.google.firebase.ktx.FirebaseCommonLegacyRegistrar"
117-->[com.google.firebase:firebase-common-ktx:20.4.3] AndroidManifest.xml:13:17-116
118                android:value="com.google.firebase.components.ComponentRegistrar" />
118-->[com.google.firebase:firebase-common-ktx:20.4.3] AndroidManifest.xml:14:17-82
119            <meta-data
119-->[com.google.firebase:firebase-common:20.4.3] AndroidManifest.xml:35:13-37:85
120                android:name="com.google.firebase.components:com.google.firebase.FirebaseCommonKtxRegistrar"
120-->[com.google.firebase:firebase-common:20.4.3] AndroidManifest.xml:36:17-109
121                android:value="com.google.firebase.components.ComponentRegistrar" />
121-->[com.google.firebase:firebase-common:20.4.3] AndroidManifest.xml:37:17-82
122        </service>
123        <service
123-->[:geolocator_android] AndroidManifest.xml:12:9-16:56
124            android:name="com.baseflow.geolocator.GeolocatorLocationService"
124-->[:geolocator_android] AndroidManifest.xml:13:13-77
125            android:enabled="true"
125-->[:geolocator_android] AndroidManifest.xml:14:13-35
126            android:exported="false"
126-->[:geolocator_android] AndroidManifest.xml:15:13-37
127            android:foregroundServiceType="location" />
127-->[:geolocator_android] AndroidManifest.xml:16:13-53
128
129        <activity android:name="com.navigation.with.mapbox.navigation_with_mapbox.views.FullscreenActivity" />
129-->[:navigation_with_mapbox] AndroidManifest.xml:14:9-111
129-->[:navigation_with_mapbox] AndroidManifest.xml:14:19-108
130
131        <provider
131-->[com.mapbox.navigation:core:2.10.1] AndroidManifest.xml:18:9-26:20
132            android:name="androidx.startup.InitializationProvider"
132-->[com.mapbox.navigation:core:2.10.1] AndroidManifest.xml:19:13-67
133            android:authorities="com.example.niimbus.androidx-startup"
133-->[com.mapbox.navigation:core:2.10.1] AndroidManifest.xml:20:13-68
134            android:exported="false" >
134-->[com.mapbox.navigation:core:2.10.1] AndroidManifest.xml:21:13-37
135            <meta-data
135-->[com.mapbox.navigation:core:2.10.1] AndroidManifest.xml:23:13-25:52
136                android:name="com.mapbox.navigation.core.internal.MapboxNavigationSDKInitializer"
136-->[com.mapbox.navigation:core:2.10.1] AndroidManifest.xml:24:17-98
137                android:value="androidx.startup" />
137-->[com.mapbox.navigation:core:2.10.1] AndroidManifest.xml:25:17-49
138            <!-- This entry makes MapboxNavigationNativeInitializer discoverable. -->
139            <meta-data
139-->[com.mapbox.navigator:mapbox-navigation-native:123.3.1] AndroidManifest.xml:20:13-22:52
140                android:name="com.mapbox.navigator.MapboxNavigationNativeInitializer"
140-->[com.mapbox.navigator:mapbox-navigation-native:123.3.1] AndroidManifest.xml:21:17-86
141                android:value="androidx.startup" />
141-->[com.mapbox.navigator:mapbox-navigation-native:123.3.1] AndroidManifest.xml:22:17-49
142            <meta-data
142-->[com.mapbox.maps:android-core:10.10.1] AndroidManifest.xml:27:13-29:52
143                android:name="com.mapbox.maps.loader.MapboxMapsInitializer"
143-->[com.mapbox.maps:android-core:10.10.1] AndroidManifest.xml:28:17-76
144                android:value="androidx.startup" /> <!-- This entry makes MapboxSDKCommonInitializer discoverable. -->
144-->[com.mapbox.maps:android-core:10.10.1] AndroidManifest.xml:29:17-49
145            <meta-data
145-->[com.mapbox.common:common:23.2.2] AndroidManifest.xml:21:13-23:52
146                android:name="com.mapbox.common.MapboxSDKCommonInitializer"
146-->[com.mapbox.common:common:23.2.2] AndroidManifest.xml:22:17-76
147                android:value="androidx.startup" />
147-->[com.mapbox.common:common:23.2.2] AndroidManifest.xml:23:17-49
148            <meta-data
148-->[androidx.emoji2:emoji2:1.2.0] AndroidManifest.xml:29:13-31:52
149                android:name="androidx.emoji2.text.EmojiCompatInitializer"
149-->[androidx.emoji2:emoji2:1.2.0] AndroidManifest.xml:30:17-75
150                android:value="androidx.startup" />
150-->[androidx.emoji2:emoji2:1.2.0] AndroidManifest.xml:31:17-49
151            <meta-data
151-->[androidx.lifecycle:lifecycle-process:2.4.1] AndroidManifest.xml:31:13-33:52
152                android:name="androidx.lifecycle.ProcessLifecycleInitializer"
152-->[androidx.lifecycle:lifecycle-process:2.4.1] AndroidManifest.xml:32:17-78
153                android:value="androidx.startup" />
153-->[androidx.lifecycle:lifecycle-process:2.4.1] AndroidManifest.xml:33:17-49
154            <meta-data
154-->[androidx.work:work-runtime:2.7.1] AndroidManifest.xml:36:13-38:52
155                android:name="androidx.work.WorkManagerInitializer"
155-->[androidx.work:work-runtime:2.7.1] AndroidManifest.xml:37:17-68
156                android:value="androidx.startup" />
156-->[androidx.work:work-runtime:2.7.1] AndroidManifest.xml:38:17-49
157        </provider>
158
159        <service
159-->[com.mapbox.navigation:core:2.10.1] AndroidManifest.xml:28:9-30:56
160            android:name="com.mapbox.navigation.core.trip.service.NavigationNotificationService"
160-->[com.mapbox.navigation:core:2.10.1] AndroidManifest.xml:29:13-97
161            android:foregroundServiceType="location" />
161-->[com.mapbox.navigation:core:2.10.1] AndroidManifest.xml:30:13-53
162
163        <meta-data
163-->[com.mapbox.navigation:core:2.10.1] AndroidManifest.xml:32:9-34:37
164            android:name="com.mapbox.ManageSkuToken"
164-->[com.mapbox.navigation:core:2.10.1] AndroidManifest.xml:33:13-53
165            android:value="false" />
165-->[com.mapbox.navigation:core:2.10.1] AndroidManifest.xml:34:13-34
166
167        <activity
167-->[com.google.firebase:firebase-auth:22.3.1] AndroidManifest.xml:29:9-46:20
168            android:name="com.google.firebase.auth.internal.GenericIdpActivity"
168-->[com.google.firebase:firebase-auth:22.3.1] AndroidManifest.xml:30:13-80
169            android:excludeFromRecents="true"
169-->[com.google.firebase:firebase-auth:22.3.1] AndroidManifest.xml:31:13-46
170            android:exported="true"
170-->[com.google.firebase:firebase-auth:22.3.1] AndroidManifest.xml:32:13-36
171            android:launchMode="singleTask"
171-->[com.google.firebase:firebase-auth:22.3.1] AndroidManifest.xml:33:13-44
172            android:theme="@android:style/Theme.Translucent.NoTitleBar" >
172-->[com.google.firebase:firebase-auth:22.3.1] AndroidManifest.xml:34:13-72
173            <intent-filter>
173-->[com.google.firebase:firebase-auth:22.3.1] AndroidManifest.xml:35:13-45:29
174                <action android:name="android.intent.action.VIEW" />
174-->[com.google.firebase:firebase-auth:22.3.1] AndroidManifest.xml:36:17-69
174-->[com.google.firebase:firebase-auth:22.3.1] AndroidManifest.xml:36:25-66
175
176                <category android:name="android.intent.category.DEFAULT" />
176-->[com.google.firebase:firebase-auth:22.3.1] AndroidManifest.xml:38:17-76
176-->[com.google.firebase:firebase-auth:22.3.1] AndroidManifest.xml:38:27-73
177                <category android:name="android.intent.category.BROWSABLE" />
177-->[com.google.firebase:firebase-auth:22.3.1] AndroidManifest.xml:39:17-78
177-->[com.google.firebase:firebase-auth:22.3.1] AndroidManifest.xml:39:27-75
178
179                <data
179-->src\main\AndroidManifest.xml:33:13-50
180                    android:host="firebase.auth"
181                    android:path="/"
182                    android:scheme="genericidp" />
183            </intent-filter>
184        </activity>
185        <activity
185-->[com.google.firebase:firebase-auth:22.3.1] AndroidManifest.xml:47:9-64:20
186            android:name="com.google.firebase.auth.internal.RecaptchaActivity"
186-->[com.google.firebase:firebase-auth:22.3.1] AndroidManifest.xml:48:13-79
187            android:excludeFromRecents="true"
187-->[com.google.firebase:firebase-auth:22.3.1] AndroidManifest.xml:49:13-46
188            android:exported="true"
188-->[com.google.firebase:firebase-auth:22.3.1] AndroidManifest.xml:50:13-36
189            android:launchMode="singleTask"
189-->[com.google.firebase:firebase-auth:22.3.1] AndroidManifest.xml:51:13-44
190            android:theme="@android:style/Theme.Translucent.NoTitleBar" >
190-->[com.google.firebase:firebase-auth:22.3.1] AndroidManifest.xml:52:13-72
191            <intent-filter>
191-->[com.google.firebase:firebase-auth:22.3.1] AndroidManifest.xml:53:13-63:29
192                <action android:name="android.intent.action.VIEW" />
192-->[com.google.firebase:firebase-auth:22.3.1] AndroidManifest.xml:36:17-69
192-->[com.google.firebase:firebase-auth:22.3.1] AndroidManifest.xml:36:25-66
193
194                <category android:name="android.intent.category.DEFAULT" />
194-->[com.google.firebase:firebase-auth:22.3.1] AndroidManifest.xml:38:17-76
194-->[com.google.firebase:firebase-auth:22.3.1] AndroidManifest.xml:38:27-73
195                <category android:name="android.intent.category.BROWSABLE" />
195-->[com.google.firebase:firebase-auth:22.3.1] AndroidManifest.xml:39:17-78
195-->[com.google.firebase:firebase-auth:22.3.1] AndroidManifest.xml:39:27-75
196
197                <data
197-->src\main\AndroidManifest.xml:33:13-50
198                    android:host="firebase.auth"
199                    android:path="/"
200                    android:scheme="recaptcha" />
201            </intent-filter>
202        </activity>
203
204        <property
204-->[com.google.android.gms:play-services-measurement-api:21.6.1] AndroidManifest.xml:30:9-32:61
205            android:name="android.adservices.AD_SERVICES_CONFIG"
205-->[com.google.android.gms:play-services-measurement-api:21.6.1] AndroidManifest.xml:31:13-65
206            android:resource="@xml/ga_ad_services_config" />
206-->[com.google.android.gms:play-services-measurement-api:21.6.1] AndroidManifest.xml:32:13-58
207
208        <service android:name="com.mapbox.services.android.navigation.v5.navigation.NavigationService" />
208-->[com.mapbox.mapboxsdk:mapbox-android-navigation:0.42.6] AndroidManifest.xml:14:9-106
208-->[com.mapbox.mapboxsdk:mapbox-android-navigation:0.42.6] AndroidManifest.xml:14:18-103
209
210        <uses-library
210-->[androidx.window:window:1.0.0-beta04] AndroidManifest.xml:25:9-27:40
211            android:name="androidx.window.extensions"
211-->[androidx.window:window:1.0.0-beta04] AndroidManifest.xml:26:13-54
212            android:required="false" />
212-->[androidx.window:window:1.0.0-beta04] AndroidManifest.xml:27:13-37
213        <uses-library
213-->[androidx.window:window:1.0.0-beta04] AndroidManifest.xml:28:9-30:40
214            android:name="androidx.window.sidecar"
214-->[androidx.window:window:1.0.0-beta04] AndroidManifest.xml:29:13-51
215            android:required="false" />
215-->[androidx.window:window:1.0.0-beta04] AndroidManifest.xml:30:13-37
216
217        <activity
217-->[com.mapbox.mapboxsdk:mapbox-android-plugin-places-v9:0.11.0] AndroidManifest.xml:10:9-14:68
218            android:name="com.mapbox.mapboxsdk.plugins.places.autocomplete.ui.PlaceAutocompleteActivity"
218-->[com.mapbox.mapboxsdk:mapbox-android-plugin-places-v9:0.11.0] AndroidManifest.xml:11:13-105
219            android:configChanges="keyboard|keyboardHidden|orientation|screenLayout|uiMode|screenSize|smallestScreenSize"
219-->[com.mapbox.mapboxsdk:mapbox-android-plugin-places-v9:0.11.0] AndroidManifest.xml:12:13-122
220            android:theme="@style/mapbox_plugins_translucent"
220-->[com.mapbox.mapboxsdk:mapbox-android-plugin-places-v9:0.11.0] AndroidManifest.xml:13:13-62
221            android:windowSoftInputMode="stateVisible|adjustPan" />
221-->[com.mapbox.mapboxsdk:mapbox-android-plugin-places-v9:0.11.0] AndroidManifest.xml:14:13-65
222        <activity
222-->[com.mapbox.mapboxsdk:mapbox-android-plugin-places-v9:0.11.0] AndroidManifest.xml:15:9-17:125
223            android:name="com.mapbox.mapboxsdk.plugins.places.picker.ui.PlacePickerActivity"
223-->[com.mapbox.mapboxsdk:mapbox-android-plugin-places-v9:0.11.0] AndroidManifest.xml:16:13-93
224            android:configChanges="keyboard|keyboardHidden|orientation|screenLayout|uiMode|screenSize|smallestScreenSize" /> <!-- Offline download region picker activity -->
224-->[com.mapbox.mapboxsdk:mapbox-android-plugin-places-v9:0.11.0] AndroidManifest.xml:17:13-122
225        <activity
225-->[com.mapbox.mapboxsdk:mapbox-android-plugin-offline-v9:0.7.0] AndroidManifest.xml:12:9-14:125
226            android:name="com.mapbox.mapboxsdk.plugins.offline.ui.OfflineActivity"
226-->[com.mapbox.mapboxsdk:mapbox-android-plugin-offline-v9:0.7.0] AndroidManifest.xml:13:13-83
227            android:configChanges="keyboard|keyboardHidden|orientation|screenLayout|uiMode|screenSize|smallestScreenSize" /> <!-- Offline download service -->
227-->[com.mapbox.mapboxsdk:mapbox-android-plugin-offline-v9:0.7.0] AndroidManifest.xml:14:13-122
228        <service
228-->[com.mapbox.mapboxsdk:mapbox-android-plugin-offline-v9:0.7.0] AndroidManifest.xml:17:9-19:40
229            android:name="com.mapbox.mapboxsdk.plugins.offline.offline.OfflineDownloadService"
229-->[com.mapbox.mapboxsdk:mapbox-android-plugin-offline-v9:0.7.0] AndroidManifest.xml:18:13-95
230            android:exported="false" />
230-->[com.mapbox.mapboxsdk:mapbox-android-plugin-offline-v9:0.7.0] AndroidManifest.xml:19:13-37
231
232        <provider
232-->[com.google.firebase:firebase-common:20.4.3] AndroidManifest.xml:23:9-28:39
233            android:name="com.google.firebase.provider.FirebaseInitProvider"
233-->[com.google.firebase:firebase-common:20.4.3] AndroidManifest.xml:24:13-77
234            android:authorities="com.example.niimbus.firebaseinitprovider"
234-->[com.google.firebase:firebase-common:20.4.3] AndroidManifest.xml:25:13-72
235            android:directBootAware="true"
235-->[com.google.firebase:firebase-common:20.4.3] AndroidManifest.xml:26:13-43
236            android:exported="false"
236-->[com.google.firebase:firebase-common:20.4.3] AndroidManifest.xml:27:13-37
237            android:initOrder="100" />
237-->[com.google.firebase:firebase-common:20.4.3] AndroidManifest.xml:28:13-36
238
239        <receiver
239-->[com.google.android.gms:play-services-measurement:21.6.1] AndroidManifest.xml:29:9-33:20
240            android:name="com.google.android.gms.measurement.AppMeasurementReceiver"
240-->[com.google.android.gms:play-services-measurement:21.6.1] AndroidManifest.xml:30:13-85
241            android:enabled="true"
241-->[com.google.android.gms:play-services-measurement:21.6.1] AndroidManifest.xml:31:13-35
242            android:exported="false" >
242-->[com.google.android.gms:play-services-measurement:21.6.1] AndroidManifest.xml:32:13-37
243        </receiver>
244
245        <service
245-->[com.google.android.gms:play-services-measurement:21.6.1] AndroidManifest.xml:35:9-38:40
246            android:name="com.google.android.gms.measurement.AppMeasurementService"
246-->[com.google.android.gms:play-services-measurement:21.6.1] AndroidManifest.xml:36:13-84
247            android:enabled="true"
247-->[com.google.android.gms:play-services-measurement:21.6.1] AndroidManifest.xml:37:13-35
248            android:exported="false" />
248-->[com.google.android.gms:play-services-measurement:21.6.1] AndroidManifest.xml:38:13-37
249        <service
249-->[com.google.android.gms:play-services-measurement:21.6.1] AndroidManifest.xml:39:9-43:72
250            android:name="com.google.android.gms.measurement.AppMeasurementJobService"
250-->[com.google.android.gms:play-services-measurement:21.6.1] AndroidManifest.xml:40:13-87
251            android:enabled="true"
251-->[com.google.android.gms:play-services-measurement:21.6.1] AndroidManifest.xml:41:13-35
252            android:exported="false"
252-->[com.google.android.gms:play-services-measurement:21.6.1] AndroidManifest.xml:42:13-37
253            android:permission="android.permission.BIND_JOB_SERVICE" />
253-->[com.google.android.gms:play-services-measurement:21.6.1] AndroidManifest.xml:43:13-69
254
255        <uses-library
255-->[androidx.privacysandbox.ads:ads-adservices:1.0.0-beta05] AndroidManifest.xml:23:9-25:40
256            android:name="android.ext.adservices"
256-->[androidx.privacysandbox.ads:ads-adservices:1.0.0-beta05] AndroidManifest.xml:24:13-50
257            android:required="false" />
257-->[androidx.privacysandbox.ads:ads-adservices:1.0.0-beta05] AndroidManifest.xml:25:13-37
258
259        <activity
259-->[com.google.android.gms:play-services-base:18.0.1] AndroidManifest.xml:20:9-22:45
260            android:name="com.google.android.gms.common.api.GoogleApiActivity"
260-->[com.google.android.gms:play-services-base:18.0.1] AndroidManifest.xml:20:19-85
261            android:exported="false"
261-->[com.google.android.gms:play-services-base:18.0.1] AndroidManifest.xml:22:19-43
262            android:theme="@android:style/Theme.Translucent.NoTitleBar" />
262-->[com.google.android.gms:play-services-base:18.0.1] AndroidManifest.xml:21:19-78
263
264        <meta-data
264-->[com.google.android.gms:play-services-basement:18.3.0] AndroidManifest.xml:21:9-23:69
265            android:name="com.google.android.gms.version"
265-->[com.google.android.gms:play-services-basement:18.3.0] AndroidManifest.xml:22:13-58
266            android:value="@integer/google_play_services_version" />
266-->[com.google.android.gms:play-services-basement:18.3.0] AndroidManifest.xml:23:13-66
267
268        <provider
268-->[com.mapbox.mapboxsdk:mapbox-android-telemetry:4.7.0] AndroidManifest.xml:18:9-22:39
269            android:name="com.mapbox.android.telemetry.provider.MapboxTelemetryInitProvider"
269-->[com.mapbox.mapboxsdk:mapbox-android-telemetry:4.7.0] AndroidManifest.xml:19:13-93
270            android:authorities="com.example.niimbus.mapboxtelemetryinitprovider"
270-->[com.mapbox.mapboxsdk:mapbox-android-telemetry:4.7.0] AndroidManifest.xml:20:13-79
271            android:exported="false"
271-->[com.mapbox.mapboxsdk:mapbox-android-telemetry:4.7.0] AndroidManifest.xml:21:13-37
272            android:initOrder="100" />
272-->[com.mapbox.mapboxsdk:mapbox-android-telemetry:4.7.0] AndroidManifest.xml:22:13-36
273
274        <service
274-->[com.mapbox.mapboxsdk:mapbox-android-telemetry:4.7.0] AndroidManifest.xml:24:9-26:72
275            android:name="com.mapbox.android.telemetry.crash.CrashReporterJobIntentService"